<?xml version="1.0" encoding="UTF-8"?>
<testsuite name="com.lending.poc.domain.core.InterestCoreTest" tests="9" skipped="0" failures="0" errors="0" timestamp="2026-03-22T06:38:03.138Z" hostname="runnervm46oaq" time="0.013">
  <properties/>
  <testcase name="revolving minimum payment calculation()" classname="com.lending.poc.domain.core.InterestCoreTest" time="0.001"/>
  <testcase name="daily accrual for 30-day period()" classname="com.lending.poc.domain.core.InterestCoreTest" time="0.001"/>
  <testcase name="daily accrual returns ZERO for negative principal()" classname="com.lending.poc.domain.core.InterestCoreTest" time="0.001"/>
  <testcase name="daily accrual returns ZERO for zero principal()" classname="com.lending.poc.domain.core.InterestCoreTest" time="0.0"/>
  <testcase name="accrual for zero days returns ZERO()" classname="com.lending.poc.domain.core.InterestCoreTest" time="0.0"/>
  <testcase name="daily accrual computes correct amount for 24pct APR()" classname="com.lending.poc.domain.core.InterestCoreTest" time="0.0"/>
  <testcase name="fixed monthly installment for 10000 at 24pct over 12 months()" classname="com.lending.poc.domain.core.InterestCoreTest" time="0.002"/>
  <testcase name="daily accrual computes correct amount for 18pct APR()" classname="com.lending.poc.domain.core.InterestCoreTest" time="0.0"/>
  <testcase name="fixed upfront interest calculation()" classname="com.lending.poc.domain.core.InterestCoreTest" time="0.001"/>
  <system-out><![CDATA[]]></system-out>
  <system-err><![CDATA[]]></system-err>
</testsuite>
